INFO  09:44:03 Application - Main is invoked
INFO  10:01:05 Application - Main is invoked
INFO  10:07:28 Application - Main is invoked
INFO  10:07:31 Request starting HTTP/1.1 GET http://localhost:5000/  
INFO  10:07:31 Request finished in 89.429ms 404 
INFO  10:07:38 Request starting HTTP/1.1 GET http://localhost:5000/api/fruit  
INFO  10:07:38 Entity Framework Core 2.0.1-rtm-125 initialized 'ApplicationDbContext' using provider 'Microsoft.EntityFrameworkCore.Sqlite' with options: None
INFO  10:07:38 Executed DbCommand (9ms) [Parameters=[], CommandType='Text', CommandTimeout='30']
PRAGMA foreign_keys=ON;
INFO  10:07:38 Executed DbCommand (0ms) [Parameters=[], CommandType='Text', CommandTimeout='30']
PRAGMA foreign_keys=ON;
INFO  10:07:38 Executed DbCommand (0ms) [Parameters=[], CommandType='Text', CommandTimeout='30']
PRAGMA foreign_keys=ON;
INFO  10:07:38 Executed DbCommand (0ms) [Parameters=[], CommandType='Text', CommandTimeout='30']
PRAGMA foreign_keys=ON;
INFO  10:07:38 Executed DbCommand (0ms) [Parameters=[], CommandType='Text', CommandTimeout='30']
CREATE TABLE "Flowers" (
    "Id" INTEGER NOT NULL CONSTRAINT "PK_Flowers" PRIMARY KEY AUTOINCREMENT,
    "IsComplete" INTEGER NOT NULL,
    "Name" TEXT NULL
);
INFO  10:07:38 Executed DbCommand (0ms) [Parameters=[], CommandType='Text', CommandTimeout='30']
CREATE TABLE "Fruits" (
    "Id" INTEGER NOT NULL CONSTRAINT "PK_Fruits" PRIMARY KEY AUTOINCREMENT,
    "IsComplete" INTEGER NOT NULL,
    "Name" TEXT NULL
);
INFO  10:07:38 Executed DbCommand (0ms) [Parameters=[], CommandType='Text', CommandTimeout='30']
PRAGMA foreign_keys=ON;
INFO  10:07:38 Executed DbCommand (3ms) [Parameters=[@p0='?', @p1='?'], CommandType='Text', CommandTimeout='30']
INSERT INTO "Flowers" ("IsComplete", "Name")
VALUES (@p0, @p1);
SELECT "Id"
FROM "Flowers"
WHERE changes() = 1 AND "Id" = last_insert_rowid();
INFO  10:07:38 Executed DbCommand (0ms) [Parameters=[@p0='?', @p1='?'], CommandType='Text', CommandTimeout='30']
INSERT INTO "Flowers" ("IsComplete", "Name")
VALUES (@p0, @p1);
SELECT "Id"
FROM "Flowers"
WHERE changes() = 1 AND "Id" = last_insert_rowid();
INFO  10:07:38 Executed DbCommand (0ms) [Parameters=[@p0='?', @p1='?'], CommandType='Text', CommandTimeout='30']
INSERT INTO "Fruits" ("IsComplete", "Name")
VALUES (@p0, @p1);
SELECT "Id"
FROM "Fruits"
WHERE changes() = 1 AND "Id" = last_insert_rowid();
INFO  10:07:38 Executed DbCommand (0ms) [Parameters=[@p0='?', @p1='?'], CommandType='Text', CommandTimeout='30']
INSERT INTO "Fruits" ("IsComplete", "Name")
VALUES (@p0, @p1);
SELECT "Id"
FROM "Fruits"
WHERE changes() = 1 AND "Id" = last_insert_rowid();
INFO  10:07:38 Executing action method fruit_api.Controllers.FruitController.GetAll (fruit-api) with arguments ((null)) - ModelState is Valid
INFO  10:07:38 Executing ObjectResult, writing value Microsoft.AspNetCore.Mvc.ControllerContext.
INFO  10:07:38 Executed DbCommand (0ms) [Parameters=[], CommandType='Text', CommandTimeout='30']
PRAGMA foreign_keys=ON;
INFO  10:07:38 Executed DbCommand (0ms) [Parameters=[], CommandType='Text', CommandTimeout='30']
SELECT "f"."Id", "f"."IsComplete", "f"."Name"
FROM "Fruits" AS "f"
INFO  10:07:39 Executed action fruit_api.Controllers.FruitController.GetAll (fruit-api) in 621.121ms
INFO  10:07:39 Request finished in 645.612ms 200 application/json; charset=utf-8
INFO  10:17:18 Application - Main is invoked
INFO  10:17:21 Request starting HTTP/1.1 GET http://localhost:5000/  
INFO  10:17:21 Request finished in 88.862ms 404 
INFO  10:17:29 Request starting HTTP/1.1 GET http://localhost:5000/api/fruit  
INFO  10:17:29 Executed action fruit_api.Controllers.FruitController.GetAll (fruit-api) in 10.796ms
ERROR 10:17:29 An unhandled exception has occurred while executing the request
INFO  10:17:30 Request finished in 196.545ms 500 text/html; charset=utf-8
INFO  10:20:52 Application - Main is invoked
INFO  10:20:55 Request starting HTTP/1.1 GET http://localhost:5000/  
INFO  10:20:55 Request finished in 93.451ms 404 
INFO  10:21:01 Request starting HTTP/1.1 GET http://localhost:5000/api/fruit  
INFO  10:21:01 Entity Framework Core 2.0.1-rtm-125 initialized 'ApplicationDbContext' using provider 'Microsoft.EntityFrameworkCore.Sqlite' with options: None
INFO  10:21:01 Executed DbCommand (11ms) [Parameters=[], CommandType='Text', CommandTimeout='30']
PRAGMA foreign_keys=ON;
INFO  10:21:01 Executed DbCommand (0ms) [Parameters=[], CommandType='Text', CommandTimeout='30']
PRAGMA foreign_keys=ON;
INFO  10:21:01 Executed DbCommand (0ms) [Parameters=[], CommandType='Text', CommandTimeout='30']
PRAGMA foreign_keys=ON;
INFO  10:21:01 Executed DbCommand (0ms) [Parameters=[], CommandType='Text', CommandTimeout='30']
PRAGMA foreign_keys=ON;
INFO  10:21:01 Executed DbCommand (0ms) [Parameters=[], CommandType='Text', CommandTimeout='30']
CREATE TABLE "Flowers" (
    "Id" INTEGER NOT NULL CONSTRAINT "PK_Flowers" PRIMARY KEY AUTOINCREMENT,
    "IsComplete" INTEGER NOT NULL,
    "Name" TEXT NULL
);
INFO  10:21:01 Executed DbCommand (0ms) [Parameters=[], CommandType='Text', CommandTimeout='30']
CREATE TABLE "Fruits" (
    "Id" INTEGER NOT NULL CONSTRAINT "PK_Fruits" PRIMARY KEY AUTOINCREMENT,
    "IsComplete" INTEGER NOT NULL,
    "Name" TEXT NULL
);
INFO  10:21:01 Executed DbCommand (0ms) [Parameters=[], CommandType='Text', CommandTimeout='30']
PRAGMA foreign_keys=ON;
INFO  10:21:01 Executed DbCommand (3ms) [Parameters=[@p0='?', @p1='?'], CommandType='Text', CommandTimeout='30']
INSERT INTO "Flowers" ("IsComplete", "Name")
VALUES (@p0, @p1);
SELECT "Id"
FROM "Flowers"
WHERE changes() = 1 AND "Id" = last_insert_rowid();
INFO  10:21:02 Executed DbCommand (0ms) [Parameters=[@p0='?', @p1='?'], CommandType='Text', CommandTimeout='30']
INSERT INTO "Flowers" ("IsComplete", "Name")
VALUES (@p0, @p1);
SELECT "Id"
FROM "Flowers"
WHERE changes() = 1 AND "Id" = last_insert_rowid();
INFO  10:21:02 Executed DbCommand (0ms) [Parameters=[@p0='?', @p1='?'], CommandType='Text', CommandTimeout='30']
INSERT INTO "Fruits" ("IsComplete", "Name")
VALUES (@p0, @p1);
SELECT "Id"
FROM "Fruits"
WHERE changes() = 1 AND "Id" = last_insert_rowid();
INFO  10:21:02 Executed DbCommand (0ms) [Parameters=[@p0='?', @p1='?'], CommandType='Text', CommandTimeout='30']
INSERT INTO "Fruits" ("IsComplete", "Name")
VALUES (@p0, @p1);
SELECT "Id"
FROM "Fruits"
WHERE changes() = 1 AND "Id" = last_insert_rowid();
INFO  10:21:02 Executed action fruit_api.Controllers.FruitController.GetAll (fruit-api) in 478.527ms
ERROR 10:21:02 An unhandled exception has occurred while executing the request
INFO  10:21:02 Request finished in 778.865ms 500 text/html; charset=utf-8
INFO  10:21:20 Request starting HTTP/1.1 GET http://localhost:5000/api/fruit  
INFO  10:21:20 Entity Framework Core 2.0.1-rtm-125 initialized 'ApplicationDbContext' using provider 'Microsoft.EntityFrameworkCore.Sqlite' with options: None
INFO  10:21:20 Executed DbCommand (0ms) [Parameters=[], CommandType='Text', CommandTimeout='30']
PRAGMA foreign_keys=ON;
INFO  10:21:20 Executed DbCommand (0ms) [Parameters=[], CommandType='Text', CommandTimeout='30']
PRAGMA foreign_keys=ON;
INFO  10:21:20 Executed DbCommand (0ms) [Parameters=[], CommandType='Text', CommandTimeout='30']
PRAGMA foreign_keys=ON;
INFO  10:21:20 Executed DbCommand (0ms) [Parameters=[], CommandType='Text', CommandTimeout='30']
PRAGMA foreign_keys=ON;
INFO  10:21:20 Executed DbCommand (0ms) [Parameters=[], CommandType='Text', CommandTimeout='30']
CREATE TABLE "Flowers" (
    "Id" INTEGER NOT NULL CONSTRAINT "PK_Flowers" PRIMARY KEY AUTOINCREMENT,
    "IsComplete" INTEGER NOT NULL,
    "Name" TEXT NULL
);
INFO  10:21:20 Executed DbCommand (0ms) [Parameters=[], CommandType='Text', CommandTimeout='30']
CREATE TABLE "Fruits" (
    "Id" INTEGER NOT NULL CONSTRAINT "PK_Fruits" PRIMARY KEY AUTOINCREMENT,
    "IsComplete" INTEGER NOT NULL,
    "Name" TEXT NULL
);
INFO  10:21:20 Executed DbCommand (0ms) [Parameters=[], CommandType='Text', CommandTimeout='30']
PRAGMA foreign_keys=ON;
INFO  10:21:20 Executed DbCommand (1ms) [Parameters=[@p0='?', @p1='?'], CommandType='Text', CommandTimeout='30']
INSERT INTO "Flowers" ("IsComplete", "Name")
VALUES (@p0, @p1);
SELECT "Id"
FROM "Flowers"
WHERE changes() = 1 AND "Id" = last_insert_rowid();
INFO  10:21:20 Executed DbCommand (0ms) [Parameters=[@p0='?', @p1='?'], CommandType='Text', CommandTimeout='30']
INSERT INTO "Flowers" ("IsComplete", "Name")
VALUES (@p0, @p1);
SELECT "Id"
FROM "Flowers"
WHERE changes() = 1 AND "Id" = last_insert_rowid();
INFO  10:21:20 Executed DbCommand (0ms) [Parameters=[@p0='?', @p1='?'], CommandType='Text', CommandTimeout='30']
INSERT INTO "Fruits" ("IsComplete", "Name")
VALUES (@p0, @p1);
SELECT "Id"
FROM "Fruits"
WHERE changes() = 1 AND "Id" = last_insert_rowid();
INFO  10:21:20 Executed DbCommand (0ms) [Parameters=[@p0='?', @p1='?'], CommandType='Text', CommandTimeout='30']
INSERT INTO "Fruits" ("IsComplete", "Name")
VALUES (@p0, @p1);
SELECT "Id"
FROM "Fruits"
WHERE changes() = 1 AND "Id" = last_insert_rowid();
INFO  10:21:20 Executed action fruit_api.Controllers.FruitController.GetAll (fruit-api) in 18.697ms
ERROR 10:21:20 An unhandled exception has occurred while executing the request
INFO  10:21:20 Request finished in 78.153ms 500 text/html; charset=utf-8
INFO  10:24:08 Application - Main is invoked
INFO  10:28:05 Application - Main is invoked
INFO  10:29:59 Application - Main is invoked
INFO  10:30:02 Request starting HTTP/1.1 GET http://localhost:5000/  
INFO  10:30:02 Request finished in 100.71ms 404 
INFO  10:30:16 Request starting HTTP/1.1 GET http://localhost:5000/api/fruit  
INFO  10:30:16 Executed action fruit_api.Controllers.FruitController.GetAll (fruit-api) in 10.228ms
ERROR 10:30:16 An unhandled exception has occurred while executing the request
INFO  10:30:16 Request finished in 161.788ms 500 text/html; charset=utf-8
INFO  10:34:57 Application - Main is invoked
INFO  10:35:00 Request starting HTTP/1.1 GET http://localhost:5000/  
INFO  10:35:00 Request finished in 88.99ms 404 
INFO  10:35:05 Request starting HTTP/1.1 GET http://localhost:5000/api/fruit  
INFO  10:35:05 Executed action fruit_api.Controllers.FruitController.GetAll (fruit-api) in 9.294ms
ERROR 10:35:05 An unhandled exception has occurred while executing the request
INFO  10:35:05 Request finished in 161.697ms 500 text/html; charset=utf-8
INFO  10:36:38 Application - Main is invoked
INFO  10:36:41 Request starting HTTP/1.1 GET http://localhost:5000/  
INFO  10:36:41 Request finished in 109.998ms 404 
INFO  10:36:46 Request starting HTTP/1.1 GET http://localhost:5000/api/fruit  
INFO  10:36:46 Executed action fruit_api.Controllers.FruitController.GetAll (fruit-api) in 8.612ms
ERROR 10:36:46 An unhandled exception has occurred while executing the request
INFO  10:36:46 Request finished in 207.775ms 500 text/html; charset=utf-8
INFO  10:42:57 Application - Main is invoked
INFO  10:43:00 Request starting HTTP/1.1 GET http://localhost:5000/  
INFO  10:43:00 Request finished in 101.049ms 404 
INFO  10:43:09 Request starting HTTP/1.1 GET http://localhost:5000/api/fruit  
INFO  10:43:09 Entity Framework Core 2.0.1-rtm-125 initialized 'ApplicationDbContext' using provider 'Microsoft.EntityFrameworkCore.Sqlite' with options: None
INFO  10:43:09 Executed DbCommand (11ms) [Parameters=[], CommandType='Text', CommandTimeout='30']
PRAGMA foreign_keys=ON;
INFO  10:43:09 Executed DbCommand (0ms) [Parameters=[], CommandType='Text', CommandTimeout='30']
PRAGMA foreign_keys=ON;
INFO  10:43:09 Executed DbCommand (0ms) [Parameters=[], CommandType='Text', CommandTimeout='30']
PRAGMA foreign_keys=ON;
INFO  10:43:09 Executed DbCommand (0ms) [Parameters=[], CommandType='Text', CommandTimeout='30']
PRAGMA foreign_keys=ON;
INFO  10:43:09 Executed DbCommand (0ms) [Parameters=[], CommandType='Text', CommandTimeout='30']
CREATE TABLE "Flowers" (
    "Id" INTEGER NOT NULL CONSTRAINT "PK_Flowers" PRIMARY KEY AUTOINCREMENT,
    "IsComplete" INTEGER NOT NULL,
    "Name" TEXT NULL
);
INFO  10:43:09 Executed DbCommand (0ms) [Parameters=[], CommandType='Text', CommandTimeout='30']
CREATE TABLE "Fruits" (
    "Id" INTEGER NOT NULL CONSTRAINT "PK_Fruits" PRIMARY KEY AUTOINCREMENT,
    "IsComplete" INTEGER NOT NULL,
    "Name" TEXT NULL
);
INFO  10:43:09 Executed DbCommand (0ms) [Parameters=[], CommandType='Text', CommandTimeout='30']
PRAGMA foreign_keys=ON;
INFO  10:43:09 Executed DbCommand (3ms) [Parameters=[@p0='?', @p1='?'], CommandType='Text', CommandTimeout='30']
INSERT INTO "Flowers" ("IsComplete", "Name")
VALUES (@p0, @p1);
SELECT "Id"
FROM "Flowers"
WHERE changes() = 1 AND "Id" = last_insert_rowid();
INFO  10:43:09 Executed DbCommand (0ms) [Parameters=[@p0='?', @p1='?'], CommandType='Text', CommandTimeout='30']
INSERT INTO "Flowers" ("IsComplete", "Name")
VALUES (@p0, @p1);
SELECT "Id"
FROM "Flowers"
WHERE changes() = 1 AND "Id" = last_insert_rowid();
INFO  10:43:09 Executed DbCommand (0ms) [Parameters=[@p0='?', @p1='?'], CommandType='Text', CommandTimeout='30']
INSERT INTO "Fruits" ("IsComplete", "Name")
VALUES (@p0, @p1);
SELECT "Id"
FROM "Fruits"
WHERE changes() = 1 AND "Id" = last_insert_rowid();
INFO  10:43:09 Executed DbCommand (0ms) [Parameters=[@p0='?', @p1='?'], CommandType='Text', CommandTimeout='30']
INSERT INTO "Fruits" ("IsComplete", "Name")
VALUES (@p0, @p1);
SELECT "Id"
FROM "Fruits"
WHERE changes() = 1 AND "Id" = last_insert_rowid();
INFO  10:43:09 Executing action method fruit_api.Controllers.FruitController.GetAll (fruit-api) with arguments ((null)) - ModelState is Valid
INFO  10:43:09 Executing ObjectResult, writing value Microsoft.AspNetCore.Mvc.ControllerContext.
INFO  10:43:09 Executed DbCommand (0ms) [Parameters=[], CommandType='Text', CommandTimeout='30']
PRAGMA foreign_keys=ON;
INFO  10:43:09 Executed DbCommand (0ms) [Parameters=[], CommandType='Text', CommandTimeout='30']
SELECT "f"."Id", "f"."IsComplete", "f"."Name"
FROM "Fruits" AS "f"
INFO  10:43:09 Executed action fruit_api.Controllers.FruitController.GetAll (fruit-api) in 695.864ms
INFO  10:43:09 Request finished in 721.581ms 200 application/json; charset=utf-8
INFO  10:53:17 Application - Main is invoked
INFO  10:53:20 Request starting HTTP/1.1 GET http://localhost:5000/  
INFO  10:53:20 Request finished in 100.749ms 404 
INFO  10:53:24 Request starting HTTP/1.1 GET http://localhost:5000/api/fruit  
INFO  10:53:25 Entity Framework Core 2.0.1-rtm-125 initialized 'ApplicationDbContext' using provider 'Microsoft.EntityFrameworkCore.Sqlite' with options: None
INFO  10:53:25 Executed DbCommand (9ms) [Parameters=[], CommandType='Text', CommandTimeout='30']
PRAGMA foreign_keys=ON;
INFO  10:53:25 Executed DbCommand (0ms) [Parameters=[], CommandType='Text', CommandTimeout='30']
PRAGMA foreign_keys=ON;
INFO  10:53:25 Executed DbCommand (0ms) [Parameters=[], CommandType='Text', CommandTimeout='30']
PRAGMA foreign_keys=ON;
INFO  10:53:25 Executed DbCommand (0ms) [Parameters=[], CommandType='Text', CommandTimeout='30']
PRAGMA foreign_keys=ON;
INFO  10:53:25 Executed DbCommand (0ms) [Parameters=[], CommandType='Text', CommandTimeout='30']
CREATE TABLE "Flowers" (
    "Id" INTEGER NOT NULL CONSTRAINT "PK_Flowers" PRIMARY KEY AUTOINCREMENT,
    "IsComplete" INTEGER NOT NULL,
    "Name" TEXT NULL
);
INFO  10:53:25 Executed DbCommand (0ms) [Parameters=[], CommandType='Text', CommandTimeout='30']
CREATE TABLE "Fruits" (
    "Id" INTEGER NOT NULL CONSTRAINT "PK_Fruits" PRIMARY KEY AUTOINCREMENT,
    "IsComplete" INTEGER NOT NULL,
    "Name" TEXT NULL
);
INFO  10:53:25 Executed DbCommand (0ms) [Parameters=[], CommandType='Text', CommandTimeout='30']
PRAGMA foreign_keys=ON;
INFO  10:53:25 Executed DbCommand (3ms) [Parameters=[@p0='?', @p1='?'], CommandType='Text', CommandTimeout='30']
INSERT INTO "Flowers" ("IsComplete", "Name")
VALUES (@p0, @p1);
SELECT "Id"
FROM "Flowers"
WHERE changes() = 1 AND "Id" = last_insert_rowid();
INFO  10:53:25 Executed DbCommand (0ms) [Parameters=[@p0='?', @p1='?'], CommandType='Text', CommandTimeout='30']
INSERT INTO "Flowers" ("IsComplete", "Name")
VALUES (@p0, @p1);
SELECT "Id"
FROM "Flowers"
WHERE changes() = 1 AND "Id" = last_insert_rowid();
INFO  10:53:25 Executed DbCommand (0ms) [Parameters=[@p0='?', @p1='?'], CommandType='Text', CommandTimeout='30']
INSERT INTO "Fruits" ("IsComplete", "Name")
VALUES (@p0, @p1);
SELECT "Id"
FROM "Fruits"
WHERE changes() = 1 AND "Id" = last_insert_rowid();
INFO  10:53:25 Executed DbCommand (0ms) [Parameters=[@p0='?', @p1='?'], CommandType='Text', CommandTimeout='30']
INSERT INTO "Fruits" ("IsComplete", "Name")
VALUES (@p0, @p1);
SELECT "Id"
FROM "Fruits"
WHERE changes() = 1 AND "Id" = last_insert_rowid();
INFO  10:53:25 Executing action method fruit_api.Controllers.FruitController.GetAll (fruit-api) with arguments ((null)) - ModelState is Valid
INFO  10:53:25 hello
System.Exception: hello
INFO  10:53:25 Executing ObjectResult, writing value Microsoft.AspNetCore.Mvc.ControllerContext.
INFO  10:53:25 Executed DbCommand (0ms) [Parameters=[], CommandType='Text', CommandTimeout='30']
PRAGMA foreign_keys=ON;
INFO  10:53:25 Executed DbCommand (0ms) [Parameters=[], CommandType='Text', CommandTimeout='30']
SELECT "f"."Id", "f"."IsComplete", "f"."Name"
FROM "Fruits" AS "f"
INFO  10:53:25 Executed action fruit_api.Controllers.FruitController.GetAll (fruit-api) in 609.029ms
INFO  10:53:25 Request finished in 633.067ms 200 application/json; charset=utf-8
INFO  11:02:07 Application - Main is invoked
INFO  11:02:11 Request starting HTTP/1.1 GET http://localhost:5000/  
INFO  11:02:11 Request finished in 96.104ms 404 
INFO  11:02:15 Request starting HTTP/1.1 GET http://localhost:5000/api/fruit  
INFO  11:02:15 Entity Framework Core 2.0.1-rtm-125 initialized 'ApplicationDbContext' using provider 'Microsoft.EntityFrameworkCore.Sqlite' with options: None
INFO  11:02:15 Executed DbCommand (9ms) [Parameters=[], CommandType='Text', CommandTimeout='30']
PRAGMA foreign_keys=ON;
INFO  11:02:15 Executed DbCommand (0ms) [Parameters=[], CommandType='Text', CommandTimeout='30']
PRAGMA foreign_keys=ON;
INFO  11:02:15 Executed DbCommand (0ms) [Parameters=[], CommandType='Text', CommandTimeout='30']
PRAGMA foreign_keys=ON;
INFO  11:02:15 Executed DbCommand (0ms) [Parameters=[], CommandType='Text', CommandTimeout='30']
PRAGMA foreign_keys=ON;
INFO  11:02:15 Executed DbCommand (0ms) [Parameters=[], CommandType='Text', CommandTimeout='30']
CREATE TABLE "Flowers" (
    "Id" INTEGER NOT NULL CONSTRAINT "PK_Flowers" PRIMARY KEY AUTOINCREMENT,
    "IsComplete" INTEGER NOT NULL,
    "Name" TEXT NULL
);
INFO  11:02:15 Executed DbCommand (0ms) [Parameters=[], CommandType='Text', CommandTimeout='30']
CREATE TABLE "Fruits" (
    "Id" INTEGER NOT NULL CONSTRAINT "PK_Fruits" PRIMARY KEY AUTOINCREMENT,
    "IsComplete" INTEGER NOT NULL,
    "Name" TEXT NULL
);
INFO  11:02:15 Executed DbCommand (0ms) [Parameters=[], CommandType='Text', CommandTimeout='30']
PRAGMA foreign_keys=ON;
INFO  11:02:15 Executed DbCommand (3ms) [Parameters=[@p0='?', @p1='?'], CommandType='Text', CommandTimeout='30']
INSERT INTO "Flowers" ("IsComplete", "Name")
VALUES (@p0, @p1);
SELECT "Id"
FROM "Flowers"
WHERE changes() = 1 AND "Id" = last_insert_rowid();
INFO  11:02:15 Executed DbCommand (0ms) [Parameters=[@p0='?', @p1='?'], CommandType='Text', CommandTimeout='30']
INSERT INTO "Flowers" ("IsComplete", "Name")
VALUES (@p0, @p1);
SELECT "Id"
FROM "Flowers"
WHERE changes() = 1 AND "Id" = last_insert_rowid();
INFO  11:02:15 Executed DbCommand (0ms) [Parameters=[@p0='?', @p1='?'], CommandType='Text', CommandTimeout='30']
INSERT INTO "Fruits" ("IsComplete", "Name")
VALUES (@p0, @p1);
SELECT "Id"
FROM "Fruits"
WHERE changes() = 1 AND "Id" = last_insert_rowid();
INFO  11:02:15 Executed DbCommand (0ms) [Parameters=[@p0='?', @p1='?'], CommandType='Text', CommandTimeout='30']
INSERT INTO "Fruits" ("IsComplete", "Name")
VALUES (@p0, @p1);
SELECT "Id"
FROM "Fruits"
WHERE changes() = 1 AND "Id" = last_insert_rowid();
INFO  11:02:15 Executing action method fruit_api.Controllers.FruitController.GetAll (fruit-api) with arguments ((null)) - ModelState is Valid
INFO  11:02:15 hello
System.Exception: hello
INFO  11:02:15 Executing ObjectResult, writing value Microsoft.AspNetCore.Mvc.ControllerContext.
INFO  11:02:15 Executed DbCommand (0ms) [Parameters=[], CommandType='Text', CommandTimeout='30']
PRAGMA foreign_keys=ON;
INFO  11:02:15 Executed DbCommand (0ms) [Parameters=[], CommandType='Text', CommandTimeout='30']
SELECT "f"."Id", "f"."IsComplete", "f"."Name"
FROM "Fruits" AS "f"
INFO  11:02:15 Executed action fruit_api.Controllers.FruitController.GetAll (fruit-api) in 631.335ms
INFO  11:02:15 Request finished in 656.676ms 200 application/json; charset=utf-8
INFO  11:05:26 Application - Main is invoked
INFO  11:05:34 hello
System.Exception: hello
INFO  11:06:08 hello
System.Exception: hello
INFO  11:09:40 Application - Main is invoked
INFO  11:09:48 hello
System.Exception: hello
INFO  11:13:35 hello
System.Exception: hello
INFO  11:16:52 hello
System.Exception: hello
INFO  11:17:47 Request starting HTTP/1.1 GET http://localhost:5000/  
INFO  11:17:47 Request finished in 132.447ms 404 
INFO  11:18:09 Request starting HTTP/1.1 GET http://localhost:5000/api/fruit  
INFO  11:18:09 Entity Framework Core 2.0.1-rtm-125 initialized 'ApplicationDbContext' using provider 'Microsoft.EntityFrameworkCore.Sqlite' with options: None
INFO  11:18:09 Executed DbCommand (10ms) [Parameters=[], CommandType='Text', CommandTimeout='30']
PRAGMA foreign_keys=ON;
INFO  11:18:09 Executed DbCommand (0ms) [Parameters=[], CommandType='Text', CommandTimeout='30']
PRAGMA foreign_keys=ON;
INFO  11:18:09 Executed DbCommand (0ms) [Parameters=[], CommandType='Text', CommandTimeout='30']
PRAGMA foreign_keys=ON;
INFO  11:18:09 Executed DbCommand (0ms) [Parameters=[], CommandType='Text', CommandTimeout='30']
PRAGMA foreign_keys=ON;
INFO  11:18:09 Executed DbCommand (0ms) [Parameters=[], CommandType='Text', CommandTimeout='30']
CREATE TABLE "Flowers" (
    "Id" INTEGER NOT NULL CONSTRAINT "PK_Flowers" PRIMARY KEY AUTOINCREMENT,
    "IsComplete" INTEGER NOT NULL,
    "Name" TEXT NULL
);
INFO  11:18:09 Executed DbCommand (0ms) [Parameters=[], CommandType='Text', CommandTimeout='30']
CREATE TABLE "Fruits" (
    "Id" INTEGER NOT NULL CONSTRAINT "PK_Fruits" PRIMARY KEY AUTOINCREMENT,
    "IsComplete" INTEGER NOT NULL,
    "Name" TEXT NULL
);
INFO  11:18:09 Executed DbCommand (0ms) [Parameters=[], CommandType='Text', CommandTimeout='30']
PRAGMA foreign_keys=ON;
INFO  11:18:09 Executed DbCommand (2ms) [Parameters=[@p0='?', @p1='?'], CommandType='Text', CommandTimeout='30']
INSERT INTO "Flowers" ("IsComplete", "Name")
VALUES (@p0, @p1);
SELECT "Id"
FROM "Flowers"
WHERE changes() = 1 AND "Id" = last_insert_rowid();
INFO  11:18:09 Executed DbCommand (0ms) [Parameters=[@p0='?', @p1='?'], CommandType='Text', CommandTimeout='30']
INSERT INTO "Flowers" ("IsComplete", "Name")
VALUES (@p0, @p1);
SELECT "Id"
FROM "Flowers"
WHERE changes() = 1 AND "Id" = last_insert_rowid();
INFO  11:18:09 Executed DbCommand (0ms) [Parameters=[@p0='?', @p1='?'], CommandType='Text', CommandTimeout='30']
INSERT INTO "Fruits" ("IsComplete", "Name")
VALUES (@p0, @p1);
SELECT "Id"
FROM "Fruits"
WHERE changes() = 1 AND "Id" = last_insert_rowid();
INFO  11:18:09 Executed DbCommand (0ms) [Parameters=[@p0='?', @p1='?'], CommandType='Text', CommandTimeout='30']
INSERT INTO "Fruits" ("IsComplete", "Name")
VALUES (@p0, @p1);
SELECT "Id"
FROM "Fruits"
WHERE changes() = 1 AND "Id" = last_insert_rowid();
INFO  11:18:09 Executing action method fruit_api.Controllers.FruitController.GetAll (fruit-api) with arguments ((null)) - ModelState is Valid
INFO  11:18:09 hello
System.Exception: hello
INFO  11:18:09 Executing ObjectResult, writing value Microsoft.AspNetCore.Mvc.ControllerContext.
INFO  11:18:10 Executed DbCommand (0ms) [Parameters=[], CommandType='Text', CommandTimeout='30']
PRAGMA foreign_keys=ON;
INFO  11:18:10 Executed DbCommand (0ms) [Parameters=[], CommandType='Text', CommandTimeout='30']
SELECT "f"."Id", "f"."IsComplete", "f"."Name"
FROM "Fruits" AS "f"
INFO  11:18:10 Executed action fruit_api.Controllers.FruitController.GetAll (fruit-api) in 687.844ms
INFO  11:18:10 Request finished in 711.901ms 200 application/json; charset=utf-8
INFO  11:21:54 Request starting HTTP/1.1 GET http://localhost:5000/  
INFO  11:21:54 Request finished in 148.246ms 404 
INFO  11:32:56 Request starting HTTP/1.1 GET http://localhost:5000/  
INFO  11:32:57 Request finished in 133.642ms 404 
INFO  11:33:02 Request starting HTTP/1.1 GET http://localhost:5000/api/fruit  
INFO  11:33:02 Entity Framework Core 2.0.1-rtm-125 initialized 'ApplicationDbContext' using provider 'Microsoft.EntityFrameworkCore.Sqlite' with options: None
INFO  11:33:02 Executed DbCommand (10ms) [Parameters=[], CommandType='Text', CommandTimeout='30']
PRAGMA foreign_keys=ON;
INFO  11:33:02 Executed DbCommand (0ms) [Parameters=[], CommandType='Text', CommandTimeout='30']
PRAGMA foreign_keys=ON;
INFO  11:33:02 Executed DbCommand (0ms) [Parameters=[], CommandType='Text', CommandTimeout='30']
PRAGMA foreign_keys=ON;
INFO  11:33:02 Executed DbCommand (0ms) [Parameters=[], CommandType='Text', CommandTimeout='30']
PRAGMA foreign_keys=ON;
INFO  11:33:02 Executed DbCommand (0ms) [Parameters=[], CommandType='Text', CommandTimeout='30']
CREATE TABLE "Flowers" (
    "Id" INTEGER NOT NULL CONSTRAINT "PK_Flowers" PRIMARY KEY AUTOINCREMENT,
    "IsComplete" INTEGER NOT NULL,
    "Name" TEXT NULL
);
INFO  11:33:02 Executed DbCommand (0ms) [Parameters=[], CommandType='Text', CommandTimeout='30']
CREATE TABLE "Fruits" (
    "Id" INTEGER NOT NULL CONSTRAINT "PK_Fruits" PRIMARY KEY AUTOINCREMENT,
    "IsComplete" INTEGER NOT NULL,
    "Name" TEXT NULL
);
INFO  11:33:02 Executed DbCommand (0ms) [Parameters=[], CommandType='Text', CommandTimeout='30']
PRAGMA foreign_keys=ON;
INFO  11:33:02 Executed DbCommand (4ms) [Parameters=[@p0='?', @p1='?'], CommandType='Text', CommandTimeout='30']
INSERT INTO "Flowers" ("IsComplete", "Name")
VALUES (@p0, @p1);
SELECT "Id"
FROM "Flowers"
WHERE changes() = 1 AND "Id" = last_insert_rowid();
INFO  11:33:02 Executed DbCommand (0ms) [Parameters=[@p0='?', @p1='?'], CommandType='Text', CommandTimeout='30']
INSERT INTO "Flowers" ("IsComplete", "Name")
VALUES (@p0, @p1);
SELECT "Id"
FROM "Flowers"
WHERE changes() = 1 AND "Id" = last_insert_rowid();
INFO  11:33:02 Executed DbCommand (0ms) [Parameters=[@p0='?', @p1='?'], CommandType='Text', CommandTimeout='30']
INSERT INTO "Fruits" ("IsComplete", "Name")
VALUES (@p0, @p1);
SELECT "Id"
FROM "Fruits"
WHERE changes() = 1 AND "Id" = last_insert_rowid();
INFO  11:33:02 Executed DbCommand (0ms) [Parameters=[@p0='?', @p1='?'], CommandType='Text', CommandTimeout='30']
INSERT INTO "Fruits" ("IsComplete", "Name")
VALUES (@p0, @p1);
SELECT "Id"
FROM "Fruits"
WHERE changes() = 1 AND "Id" = last_insert_rowid();
INFO  11:33:02 Executing action method fruit_api.Controllers.FruitController.GetAll (fruit-api) with arguments ((null)) - ModelState is Valid
INFO  11:33:02 hello
System.Exception: hello
INFO  11:33:02 Executing ObjectResult, writing value Microsoft.AspNetCore.Mvc.ControllerContext.
INFO  11:33:02 Executed DbCommand (0ms) [Parameters=[], CommandType='Text', CommandTimeout='30']
PRAGMA foreign_keys=ON;
INFO  11:33:02 Executed DbCommand (0ms) [Parameters=[], CommandType='Text', CommandTimeout='30']
SELECT "f"."Id", "f"."IsComplete", "f"."Name"
FROM "Fruits" AS "f"
INFO  11:33:02 Executed action fruit_api.Controllers.FruitController.GetAll (fruit-api) in 612.307ms
INFO  11:33:02 Request finished in 637.17ms 200 application/json; charset=utf-8
INFO  11:49:18 Request starting HTTP/1.1 GET http://localhost:5000/  
INFO  11:49:18 Request finished in 111.837ms 404 
INFO  11:49:40 Request starting HTTP/1.1 GET http://localhost:5000/api/fruit  
INFO  11:49:40 Entity Framework Core 2.0.1-rtm-125 initialized 'ApplicationDbContext' using provider 'Microsoft.EntityFrameworkCore.Sqlite' with options: None
INFO  11:49:40 Executed DbCommand (9ms) [Parameters=[], CommandType='Text', CommandTimeout='30']
PRAGMA foreign_keys=ON;
INFO  11:49:40 Executed DbCommand (0ms) [Parameters=[], CommandType='Text', CommandTimeout='30']
PRAGMA foreign_keys=ON;
INFO  11:49:40 Executed DbCommand (0ms) [Parameters=[], CommandType='Text', CommandTimeout='30']
PRAGMA foreign_keys=ON;
INFO  11:49:40 Executed DbCommand (0ms) [Parameters=[], CommandType='Text', CommandTimeout='30']
PRAGMA foreign_keys=ON;
INFO  11:49:40 Executed DbCommand (0ms) [Parameters=[], CommandType='Text', CommandTimeout='30']
CREATE TABLE "Flowers" (
    "Id" INTEGER NOT NULL CONSTRAINT "PK_Flowers" PRIMARY KEY AUTOINCREMENT,
    "IsComplete" INTEGER NOT NULL,
    "Name" TEXT NULL
);
INFO  11:49:40 Executed DbCommand (0ms) [Parameters=[], CommandType='Text', CommandTimeout='30']
CREATE TABLE "Fruits" (
    "Id" INTEGER NOT NULL CONSTRAINT "PK_Fruits" PRIMARY KEY AUTOINCREMENT,
    "IsComplete" INTEGER NOT NULL,
    "Name" TEXT NULL
);
INFO  11:49:40 Executed DbCommand (0ms) [Parameters=[], CommandType='Text', CommandTimeout='30']
PRAGMA foreign_keys=ON;
INFO  11:49:40 Executed DbCommand (3ms) [Parameters=[@p0='?', @p1='?'], CommandType='Text', CommandTimeout='30']
INSERT INTO "Flowers" ("IsComplete", "Name")
VALUES (@p0, @p1);
SELECT "Id"
FROM "Flowers"
WHERE changes() = 1 AND "Id" = last_insert_rowid();
INFO  11:49:40 Executed DbCommand (0ms) [Parameters=[@p0='?', @p1='?'], CommandType='Text', CommandTimeout='30']
INSERT INTO "Flowers" ("IsComplete", "Name")
VALUES (@p0, @p1);
SELECT "Id"
FROM "Flowers"
WHERE changes() = 1 AND "Id" = last_insert_rowid();
INFO  11:49:40 Executed DbCommand (0ms) [Parameters=[@p0='?', @p1='?'], CommandType='Text', CommandTimeout='30']
INSERT INTO "Fruits" ("IsComplete", "Name")
VALUES (@p0, @p1);
SELECT "Id"
FROM "Fruits"
WHERE changes() = 1 AND "Id" = last_insert_rowid();
INFO  11:49:40 Executed DbCommand (0ms) [Parameters=[@p0='?', @p1='?'], CommandType='Text', CommandTimeout='30']
INSERT INTO "Fruits" ("IsComplete", "Name")
VALUES (@p0, @p1);
SELECT "Id"
FROM "Fruits"
WHERE changes() = 1 AND "Id" = last_insert_rowid();
INFO  11:49:40 Executing action method fruit_api.Controllers.FruitController.GetAll (fruit-api) with arguments ((null)) - ModelState is Valid
INFO  11:49:40 hello
System.Exception: hello
INFO  11:49:40 Executing ObjectResult, writing value Microsoft.AspNetCore.Mvc.ControllerContext.
INFO  11:49:40 Executed DbCommand (0ms) [Parameters=[], CommandType='Text', CommandTimeout='30']
PRAGMA foreign_keys=ON;
INFO  11:49:40 Executed DbCommand (0ms) [Parameters=[], CommandType='Text', CommandTimeout='30']
SELECT "f"."Id", "f"."IsComplete", "f"."Name"
FROM "Fruits" AS "f"
INFO  11:49:40 Executed action fruit_api.Controllers.FruitController.GetAll (fruit-api) in 630.433ms
INFO  11:49:40 Request finished in 655.929ms 200 application/json; charset=utf-8
